{
  "F:\\GitRepos\\OpenClassrooms_P5_MDD\\frontend\\src\\app\\core\\services\\auth.service.ts": {
    "path": "F:\\GitRepos\\OpenClassrooms_P5_MDD\\frontend\\src\\app\\core\\services\\auth.service.ts",
    "statementMap": {
      "0": {
        "start": {
          "line": 5,
          "column": 38
        },
        "end": {
          "line": 72,
          "column": 4
        }
      },
      "1": {
        "start": {
          "line": 7,
          "column": 17
        },
        "end": {
          "line": 7,
          "column": 35
        }
      },
      "2": {
        "start": {
          "line": 8,
          "column": 13
        },
        "end": {
          "line": 8,
          "column": 24
        }
      },
      "3": {
        "start": {
          "line": 9,
          "column": 15
        },
        "end": {
          "line": 9,
          "column": 26
        }
      },
      "4": {
        "start": {
          "line": 10,
          "column": 18
        },
        "end": {
          "line": 12,
          "column": 39
        }
      },
      "5": {
        "start": {
          "line": 13,
          "column": 23
        },
        "end": {
          "line": 20,
          "column": 39
        }
      },
      "6": {
        "start": {
          "line": 14,
          "column": 20
        },
        "end": {
          "line": 14,
          "column": 38
        }
      },
      "7": {
        "start": {
          "line": 15,
          "column": 6
        },
        "end": {
          "line": 17,
          "column": 7
        }
      },
      "8": {
        "start": {
          "line": 16,
          "column": 8
        },
        "end": {
          "line": 16,
          "column": 22
        }
      },
      "9": {
        "start": {
          "line": 22,
          "column": 17
        },
        "end": {
          "line": 30,
          "column": 39
        }
      },
      "10": {
        "start": {
          "line": 23,
          "column": 20
        },
        "end": {
          "line": 23,
          "column": 38
        }
      },
      "11": {
        "start": {
          "line": 24,
          "column": 6
        },
        "end": {
          "line": 26,
          "column": 7
        }
      },
      "12": {
        "start": {
          "line": 25,
          "column": 8
        },
        "end": {
          "line": 25,
          "column": 20
        }
      },
      "13": {
        "start": {
          "line": 27,
          "column": 6
        },
        "end": {
          "line": 27,
          "column": 19
        }
      },
      "14": {
        "start": {
          "line": 32,
          "column": 6
        },
        "end": {
          "line": 32,
          "column": 116
        }
      },
      "15": {
        "start": {
          "line": 32,
          "column": 94
        },
        "end": {
          "line": 32,
          "column": 113
        }
      },
      "16": {
        "start": {
          "line": 35,
          "column": 6
        },
        "end": {
          "line": 35,
          "column": 110
        }
      },
      "17": {
        "start": {
          "line": 35,
          "column": 88
        },
        "end": {
          "line": 35,
          "column": 107
        }
      },
      "18": {
        "start": {
          "line": 38,
          "column": 6
        },
        "end": {
          "line": 38,
          "column": 45
        }
      },
      "19": {
        "start": {
          "line": 39,
          "column": 6
        },
        "end": {
          "line": 39,
          "column": 33
        }
      },
      "20": {
        "start": {
          "line": 43,
          "column": 6
        },
        "end": {
          "line": 43,
          "column": 62
        }
      },
      "21": {
        "start": {
          "line": 44,
          "column": 6
        },
        "end": {
          "line": 44,
          "column": 47
        }
      },
      "22": {
        "start": {
          "line": 47,
          "column": 6
        },
        "end": {
          "line": 47,
          "column": 32
        }
      },
      "23": {
        "start": {
          "line": 50,
          "column": 6
        },
        "end": {
          "line": 60,
          "column": 7
        }
      },
      "24": {
        "start": {
          "line": 52,
          "column": 30
        },
        "end": {
          "line": 52,
          "column": 49
        }
      },
      "25": {
        "start": {
          "line": 54,
          "column": 24
        },
        "end": {
          "line": 54,
          "column": 55
        }
      },
      "26": {
        "start": {
          "line": 55,
          "column": 28
        },
        "end": {
          "line": 55,
          "column": 57
        }
      },
      "27": {
        "start": {
          "line": 56,
          "column": 8
        },
        "end": {
          "line": 56,
          "column": 41
        }
      },
      "28": {
        "start": {
          "line": 59,
          "column": 8
        },
        "end": {
          "line": 59,
          "column": 20
        }
      },
      "29": {
        "start": {
          "line": 62,
          "column": 18
        },
        "end": {
          "line": 64,
          "column": 5
        }
      },
      "30": {
        "start": {
          "line": 63,
          "column": 6
        },
        "end": {
          "line": 63,
          "column": 54
        }
      },
      "31": {
        "start": {
          "line": 65,
          "column": 32
        },
        "end": {
          "line": 69,
          "column": 6
        }
      },
      "32": {
        "start": {
          "line": 71,
          "column": 2
        },
        "end": {
          "line": 71,
          "column": 21
        }
      }
    },
    "fnMap": {
      "0": {
        "name": "(anonymous_0)",
        "decl": {
          "start": {
            "line": 5,
            "column": 39
          },
          "end": {
            "line": 5,
            "column": 40
          }
        },
        "loc": {
          "start": {
            "line": 5,
            "column": 45
          },
          "end": {
            "line": 72,
            "column": 1
          }
        },
        "line": 5
      },
      "1": {
        "name": "(anonymous_1)",
        "decl": {
          "start": {
            "line": 13,
            "column": 30
          },
          "end": {
            "line": 13,
            "column": 31
          }
        },
        "loc": {
          "start": {
            "line": 13,
            "column": 36
          },
          "end": {
            "line": 18,
            "column": 5
          }
        },
        "line": 13
      },
      "2": {
        "name": "(anonymous_2)",
        "decl": {
          "start": {
            "line": 22,
            "column": 26
          },
          "end": {
            "line": 22,
            "column": 27
          }
        },
        "loc": {
          "start": {
            "line": 22,
            "column": 32
          },
          "end": {
            "line": 28,
            "column": 5
          }
        },
        "line": 22
      },
      "3": {
        "name": "(anonymous_3)",
        "decl": {
          "start": {
            "line": 31,
            "column": 4
          },
          "end": {
            "line": 31,
            "column": 5
          }
        },
        "loc": {
          "start": {
            "line": 31,
            "column": 34
          },
          "end": {
            "line": 33,
            "column": 5
          }
        },
        "line": 31
      },
      "4": {
        "name": "(anonymous_4)",
        "decl": {
          "start": {
            "line": 32,
            "column": 87
          },
          "end": {
            "line": 32,
            "column": 88
          }
        },
        "loc": {
          "start": {
            "line": 32,
            "column": 94
          },
          "end": {
            "line": 32,
            "column": 113
          }
        },
        "line": 32
      },
      "5": {
        "name": "(anonymous_5)",
        "decl": {
          "start": {
            "line": 34,
            "column": 4
          },
          "end": {
            "line": 34,
            "column": 5
          }
        },
        "loc": {
          "start": {
            "line": 34,
            "column": 28
          },
          "end": {
            "line": 36,
            "column": 5
          }
        },
        "line": 34
      },
      "6": {
        "name": "(anonymous_6)",
        "decl": {
          "start": {
            "line": 35,
            "column": 81
          },
          "end": {
            "line": 35,
            "column": 82
          }
        },
        "loc": {
          "start": {
            "line": 35,
            "column": 88
          },
          "end": {
            "line": 35,
            "column": 107
          }
        },
        "line": 35
      },
      "7": {
        "name": "(anonymous_7)",
        "decl": {
          "start": {
            "line": 37,
            "column": 4
          },
          "end": {
            "line": 37,
            "column": 5
          }
        },
        "loc": {
          "start": {
            "line": 37,
            "column": 13
          },
          "end": {
            "line": 40,
            "column": 5
          }
        },
        "line": 37
      },
      "8": {
        "name": "(anonymous_8)",
        "decl": {
          "start": {
            "line": 42,
            "column": 4
          },
          "end": {
            "line": 42,
            "column": 5
          }
        },
        "loc": {
          "start": {
            "line": 42,
            "column": 28
          },
          "end": {
            "line": 45,
            "column": 5
          }
        },
        "line": 42
      },
      "9": {
        "name": "(anonymous_9)",
        "decl": {
          "start": {
            "line": 46,
            "column": 4
          },
          "end": {
            "line": 46,
            "column": 5
          }
        },
        "loc": {
          "start": {
            "line": 46,
            "column": 15
          },
          "end": {
            "line": 48,
            "column": 5
          }
        },
        "line": 46
      },
      "10": {
        "name": "(anonymous_10)",
        "decl": {
          "start": {
            "line": 49,
            "column": 4
          },
          "end": {
            "line": 49,
            "column": 5
          }
        },
        "loc": {
          "start": {
            "line": 49,
            "column": 26
          },
          "end": {
            "line": 61,
            "column": 5
          }
        },
        "line": 49
      },
      "11": {
        "name": "AuthService_Factory",
        "decl": {
          "start": {
            "line": 62,
            "column": 27
          },
          "end": {
            "line": 62,
            "column": 46
          }
        },
        "loc": {
          "start": {
            "line": 62,
            "column": 66
          },
          "end": {
            "line": 64,
            "column": 5
          }
        },
        "line": 62
      }
    },
    "branchMap": {
      "0": {
        "loc": {
          "start": {
            "line": 10,
            "column": 66
          },
          "end": {
            "line": 12,
            "column": 37
          }
        },
        "type": "cond-expr",
        "locations": [
          {
            "start": {
              "line": 10,
              "column": 78
            },
            "end": {
              "line": 12,
              "column": 6
            }
          }
        ],
        "line": 10
      },
      "1": {
        "loc": {
          "start": {
            "line": 15,
            "column": 6
          },
          "end": {
            "line": 17,
            "column": 7
          }
        },
        "type": "if",
        "locations": [
          {
            "start": {
              "line": 15,
              "column": 6
            },
            "end": {
              "line": 17,
              "column": 7
            }
          },
          {
            "start": {},
            "end": {}
          }
        ],
        "line": 15
      },
      "2": {
        "loc": {
          "start": {
            "line": 15,
            "column": 10
          },
          "end": {
            "line": 15,
            "column": 45
          }
        },
        "type": "binary-expr",
        "locations": [
          {
            "start": {
              "line": 15,
              "column": 10
            },
            "end": {
              "line": 15,
              "column": 15
            }
          },
          {
            "start": {
              "line": 15,
              "column": 19
            },
            "end": {
              "line": 15,
              "column": 45
            }
          }
        ],
        "line": 15
      },
      "3": {
        "loc": {
          "start": {
            "line": 18,
            "column": 11
          },
          "end": {
            "line": 20,
            "column": 37
          }
        },
        "type": "cond-expr",
        "locations": [
          {
            "start": {
              "line": 18,
              "column": 23
            },
            "end": {
              "line": 20,
              "column": 6
            }
          }
        ],
        "line": 18
      },
      "4": {
        "loc": {
          "start": {
            "line": 24,
            "column": 6
          },
          "end": {
            "line": 26,
            "column": 7
          }
        },
        "type": "if",
        "locations": [
          {
            "start": {
              "line": 24,
              "column": 6
            },
            "end": {
              "line": 26,
              "column": 7
            }
          },
          {
            "start": {},
            "end": {}
          }
        ],
        "line": 24
      },
      "5": {
        "loc": {
          "start": {
            "line": 24,
            "column": 10
          },
          "end": {
            "line": 24,
            "column": 45
          }
        },
        "type": "binary-expr",
        "locations": [
          {
            "start": {
              "line": 24,
              "column": 10
            },
            "end": {
              "line": 24,
              "column": 15
            }
          },
          {
            "start": {
              "line": 24,
              "column": 19
            },
            "end": {
              "line": 24,
              "column": 45
            }
          }
        ],
        "line": 24
      },
      "6": {
        "loc": {
          "start": {
            "line": 28,
            "column": 11
          },
          "end": {
            "line": 30,
            "column": 37
          }
        },
        "type": "cond-expr",
        "locations": [
          {
            "start": {
              "line": 28,
              "column": 23
            },
            "end": {
              "line": 30,
              "column": 6
            }
          }
        ],
        "line": 28
      },
      "7": {
        "loc": {
          "start": {
            "line": 63,
            "column": 18
          },
          "end": {
            "line": 63,
            "column": 50
          }
        },
        "type": "binary-expr",
        "locations": [
          {
            "start": {
              "line": 63,
              "column": 18
            },
            "end": {
              "line": 63,
              "column": 35
            }
          },
          {
            "start": {
              "line": 63,
              "column": 39
            },
            "end": {
              "line": 63,
              "column": 50
            }
          }
        ],
        "line": 63
      }
    },
    "s": {
      "0": 33,
      "1": 33,
      "2": 33,
      "3": 33,
      "4": 33,
      "5": 33,
      "6": 54,
      "7": 54,
      "8": 0,
      "9": 33,
      "10": 54,
      "11": 54,
      "12": 0,
      "13": 54,
      "14": 3,
      "15": 1,
      "16": 19,
      "17": 18,
      "18": 2,
      "19": 2,
      "20": 20,
      "21": 20,
      "22": 0,
      "23": 60,
      "24": 60,
      "25": 60,
      "26": 60,
      "27": 60,
      "28": 0,
      "29": 33,
      "30": 33,
      "31": 33,
      "32": 33
    },
    "f": {
      "0": 33,
      "1": 54,
      "2": 54,
      "3": 3,
      "4": 1,
      "5": 19,
      "6": 18,
      "7": 2,
      "8": 20,
      "9": 0,
      "10": 60,
      "11": 33
    },
    "b": {
      "0": [
        33
      ],
      "1": [
        0,
        54
      ],
      "2": [
        54,
        30
      ],
      "3": [
        33
      ],
      "4": [
        0,
        54
      ],
      "5": [
        54,
        30
      ],
      "6": [
        33
      ],
      "7": [
        33,
        33
      ]
    },
    "inputSourceMap": {
      "version": 3,
      "names": [
        "HttpClient",
        "computed",
        "effect",
        "inject",
        "signal",
        "tap",
        "AuthService",
        "httpClient",
        "apiUrl",
        "tokenKey",
        "tokenSignal",
        "localStorage",
        "getItem",
        "ngDevMode",
        "debugName",
        "autoLogoutEffect",
        "token",
        "isTokenExpired",
        "logout",
        "isLoggedIn",
        "registerUser",
        "registerRequest",
        "post",
        "pipe",
        "res",
        "saveToken",
        "loginUser",
        "loginRequest",
        "removeItem",
        "set",
        "authResponse",
        "setItem",
        "getToken",
        "payloadBase64",
        "split",
        "payload",
        "JSON",
        "parse",
        "atob",
        "currentTime",
        "Math",
        "floor",
        "Date",
        "now",
        "exp",
        "error",
        "factory",
        "ɵfac",
        "providedIn"
      ],
      "sources": [
        "F:\\GitRepos\\OpenClassrooms_P5_MDD\\frontend\\src\\app\\core\\services\\auth.service.ts"
      ],
      "sourcesContent": [
        "import { HttpClient } from '@angular/common/http';\nimport { computed, effect, inject, Injectable, signal } from '@angular/core';\nimport { Observable, tap } from 'rxjs';\nimport { AuthResponse, LoginRequest, RegisterRequest } from '../models/auth.model';\n\n@Injectable({\n  providedIn: 'root',\n})\nexport class AuthService {\n\n  private httpClient = inject(HttpClient);\n  private apiUrl = '/api/auth'\n  private readonly tokenKey = \"MDD_token\"\n\n  private tokenSignal = signal<string | null>(localStorage.getItem(this.tokenKey));\n  private autoLogoutEffect = effect(() => {\n    const token = this.tokenSignal();\n    if (token && this.isTokenExpired(token)) {\n      this.logout();\n    }\n  });\n\n  // set log in state\n  isLoggedIn = computed(() => {\n    const token = this.tokenSignal();\n\n    if (token && this.isTokenExpired(token)) {\n      return null;\n    }\n\n    return token;\n  })\n\n\n  public registerUser(registerRequest: RegisterRequest): Observable<AuthResponse> {\n    return this.httpClient.post<AuthResponse>(`${this.apiUrl}/register`, registerRequest)\n      .pipe(\n        tap(res => this.saveToken(res)));\n  }\n\n  loginUser(loginRequest: LoginRequest): Observable<AuthResponse> {\n    return this.httpClient.post<AuthResponse>(`${this.apiUrl}/login`, loginRequest)\n      .pipe(\n        tap(res => this.saveToken(res)));\n  }\n\n\n\n  public logout(): void {\n    localStorage.removeItem(this.tokenKey);\n    this.tokenSignal.set(null);\n  }\n\n  // helper token management methods\n  saveToken(authResponse: AuthResponse): void {\n    localStorage.setItem(this.tokenKey, authResponse.token);\n    this.tokenSignal.set(authResponse.token);\n  }\n  getToken(): string | null {\n    return this.tokenSignal();\n  }\n\n  private isTokenExpired(token: string): boolean {\n    try {\n      // get the token payload\n      const payloadBase64 = token.split('.')[1];\n      // decode base64 to string and parse to JSON\n      const payload = JSON.parse(atob(payloadBase64))\n      const currentTime = Math.floor(Date.now() / 1000);\n      return payload.exp < currentTime;\n    } catch (error) {\n      // if error then consider token expired\n      return true;\n    }\n  }\n}\n"
      ],
      "mappings": "AAAA,SAASA,UAAU,QAAQ,sBAAsB;AACjD,SAASC,QAAQ,EAAEC,MAAM,EAAEC,MAAM,EAAcC,MAAM,QAAQ,eAAe;AAC5E,SAAqBC,GAAG,QAAQ,MAAM;;AAMtC,WAAaC,WAAW;EAAlB,MAAOA,WAAW;IAEdC,UAAU,GAAGJ,MAAM,CAACH,UAAU,CAAC;IAC/BQ,MAAM,GAAG,WAAW;IACXC,QAAQ,GAAG,WAAW;IAE/BC,WAAW,GAAGN,MAAM,CAAgBO,YAAY,CAACC,OAAO,CAAC,IAAI,CAACH,QAAQ,CAAC,MAAAI,SAAA;MAAAC,SAAA;IAAA,mCAAC;IACxEC,gBAAgB,GAAGb,MAAM,CAAC,MAAK;MACrC,MAAMc,KAAK,GAAG,IAAI,CAACN,WAAW,EAAE;MAChC,IAAIM,KAAK,IAAI,IAAI,CAACC,cAAc,CAACD,KAAK,CAAC,EAAE;QACvC,IAAI,CAACE,MAAM,EAAE;MACf;IACF,CAAC,MAAAL,SAAA;MAAAC,SAAA;IAAA,mCAAC;IAEF;IACAK,UAAU,GAAGlB,QAAQ,CAAC,MAAK;MACzB,MAAMe,KAAK,GAAG,IAAI,CAACN,WAAW,EAAE;MAEhC,IAAIM,KAAK,IAAI,IAAI,CAACC,cAAc,CAACD,KAAK,CAAC,EAAE;QACvC,OAAO,IAAI;MACb;MAEA,OAAOA,KAAK;IACd,CAAC,MAAAH,SAAA;MAAAC,SAAA;IAAA,mCAAC;IAGKM,YAAYA,CAACC,eAAgC;MAClD,OAAO,IAAI,CAACd,UAAU,CAACe,IAAI,CAAe,GAAG,IAAI,CAACd,MAAM,WAAW,EAAEa,eAAe,CAAC,CAClFE,IAAI,CACHlB,GAAG,CAACmB,GAAG,IAAI,IAAI,CAACC,SAAS,CAACD,GAAG,CAAC,CAAC,CAAC;IACtC;IAEAE,SAASA,CAACC,YAA0B;MAClC,OAAO,IAAI,CAACpB,UAAU,CAACe,IAAI,CAAe,GAAG,IAAI,CAACd,MAAM,QAAQ,EAAEmB,YAAY,CAAC,CAC5EJ,IAAI,CACHlB,GAAG,CAACmB,GAAG,IAAI,IAAI,CAACC,SAAS,CAACD,GAAG,CAAC,CAAC,CAAC;IACtC;IAION,MAAMA,CAAA;MACXP,YAAY,CAACiB,UAAU,CAAC,IAAI,CAACnB,QAAQ,CAAC;MACtC,IAAI,CAACC,WAAW,CAACmB,GAAG,CAAC,IAAI,CAAC;IAC5B;IAEA;IACAJ,SAASA,CAACK,YAA0B;MAClCnB,YAAY,CAACoB,OAAO,CAAC,IAAI,CAACtB,QAAQ,EAAEqB,YAAY,CAACd,KAAK,CAAC;MACvD,IAAI,CAACN,WAAW,CAACmB,GAAG,CAACC,YAAY,CAACd,KAAK,CAAC;IAC1C;IACAgB,QAAQA,CAAA;MACN,OAAO,IAAI,CAACtB,WAAW,EAAE;IAC3B;IAEQO,cAAcA,CAACD,KAAa;MAClC,IAAI;QACF;QACA,MAAMiB,aAAa,GAAGjB,KAAK,CAACkB,KAAK,CAAC,GAAG,CAAC,CAAC,CAAC,CAAC;QACzC;QACA,MAAMC,OAAO,GAAGC,IAAI,CAACC,KAAK,CAACC,IAAI,CAACL,aAAa,CAAC,CAAC;QAC/C,MAAMM,WAAW,GAAGC,IAAI,CAACC,KAAK,CAACC,IAAI,CAACC,GAAG,EAAE,GAAG,IAAI,CAAC;QACjD,OAAOR,OAAO,CAACS,GAAG,GAAGL,WAAW;MAClC,CAAC,CAAC,OAAOM,KAAK,EAAE;QACd;QACA,OAAO,IAAI;MACb;IACF;;uCAlEWvC,WAAW;IAAA;;aAAXA,WAAW;MAAAwC,OAAA,EAAXxC,WAAW,CAAAyC,IAAA;MAAAC,UAAA,EAFV;IAAM;;SAEP1C,WAAW;AAAA",
      "ignoreList": []
    },
    "_coverageSchema": "1a1c01bbd47fc00a2c39e90264f33305004495a9",
    "hash": "f14be823a2148af8892e4455ac5479c940a11c49"
  },
  "F:\\GitRepos\\OpenClassrooms_P5_MDD\\frontend\\src\\app\\components\\header\\header.component\\header.component.ts": {
    "path": "F:\\GitRepos\\OpenClassrooms_P5_MDD\\frontend\\src\\app\\components\\header\\header.component\\header.component.ts",
    "statementMap": {
      "0": {
        "start": {
          "line": 13,
          "column": 2
        },
        "end": {
          "line": 41,
          "column": 3
        }
      },
      "1": {
        "start": {
          "line": 14,
          "column": 16
        },
        "end": {
          "line": 14,
          "column": 37
        }
      },
      "2": {
        "start": {
          "line": 15,
          "column": 4
        },
        "end": {
          "line": 15,
          "column": 51
        }
      },
      "3": {
        "start": {
          "line": 16,
          "column": 4
        },
        "end": {
          "line": 20,
          "column": 7
        }
      },
      "4": {
        "start": {
          "line": 17,
          "column": 6
        },
        "end": {
          "line": 17,
          "column": 28
        }
      },
      "5": {
        "start": {
          "line": 18,
          "column": 21
        },
        "end": {
          "line": 18,
          "column": 39
        }
      },
      "6": {
        "start": {
          "line": 19,
          "column": 6
        },
        "end": {
          "line": 19,
          "column": 47
        }
      },
      "7": {
        "start": {
          "line": 21,
          "column": 4
        },
        "end": {
          "line": 21,
          "column": 40
        }
      },
      "8": {
        "start": {
          "line": 22,
          "column": 4
        },
        "end": {
          "line": 22,
          "column": 22
        }
      },
      "9": {
        "start": {
          "line": 23,
          "column": 4
        },
        "end": {
          "line": 23,
          "column": 38
        }
      },
      "10": {
        "start": {
          "line": 24,
          "column": 4
        },
        "end": {
          "line": 24,
          "column": 29
        }
      },
      "11": {
        "start": {
          "line": 25,
          "column": 4
        },
        "end": {
          "line": 25,
          "column": 22
        }
      },
      "12": {
        "start": {
          "line": 26,
          "column": 4
        },
        "end": {
          "line": 26,
          "column": 38
        }
      },
      "13": {
        "start": {
          "line": 27,
          "column": 4
        },
        "end": {
          "line": 27,
          "column": 32
        }
      },
      "14": {
        "start": {
          "line": 28,
          "column": 4
        },
        "end": {
          "line": 28,
          "column": 22
        }
      },
      "15": {
        "start": {
          "line": 29,
          "column": 4
        },
        "end": {
          "line": 29,
          "column": 53
        }
      },
      "16": {
        "start": {
          "line": 30,
          "column": 4
        },
        "end": {
          "line": 30,
          "column": 35
        }
      },
      "17": {
        "start": {
          "line": 31,
          "column": 4
        },
        "end": {
          "line": 31,
          "column": 26
        }
      },
      "18": {
        "start": {
          "line": 32,
          "column": 4
        },
        "end": {
          "line": 32,
          "column": 53
        }
      },
      "19": {
        "start": {
          "line": 33,
          "column": 4
        },
        "end": {
          "line": 37,
          "column": 7
        }
      },
      "20": {
        "start": {
          "line": 34,
          "column": 6
        },
        "end": {
          "line": 34,
          "column": 28
        }
      },
      "21": {
        "start": {
          "line": 35,
          "column": 21
        },
        "end": {
          "line": 35,
          "column": 39
        }
      },
      "22": {
        "start": {
          "line": 36,
          "column": 6
        },
        "end": {
          "line": 36,
          "column": 57
        }
      },
      "23": {
        "start": {
          "line": 38,
          "column": 4
        },
        "end": {
          "line": 38,
          "column": 38
        }
      },
      "24": {
        "start": {
          "line": 39,
          "column": 4
        },
        "end": {
          "line": 39,
          "column": 26
        }
      },
      "25": {
        "start": {
          "line": 40,
          "column": 4
        },
        "end": {
          "line": 40,
          "column": 26
        }
      },
      "26": {
        "start": {
          "line": 43,
          "column": 42
        },
        "end": {
          "line": 80,
          "column": 4
        }
      },
      "27": {
        "start": {
          "line": 45,
          "column": 18
        },
        "end": {
          "line": 45,
          "column": 37
        }
      },
      "28": {
        "start": {
          "line": 46,
          "column": 20
        },
        "end": {
          "line": 46,
          "column": 38
        }
      },
      "29": {
        "start": {
          "line": 48,
          "column": 6
        },
        "end": {
          "line": 48,
          "column": 32
        }
      },
      "30": {
        "start": {
          "line": 50,
          "column": 18
        },
        "end": {
          "line": 52,
          "column": 5
        }
      },
      "31": {
        "start": {
          "line": 51,
          "column": 6
        },
        "end": {
          "line": 51,
          "column": 58
        }
      },
      "32": {
        "start": {
          "line": 53,
          "column": 31
        },
        "end": {
          "line": 77,
          "column": 6
        }
      },
      "33": {
        "start": {
          "line": 63,
          "column": 8
        },
        "end": {
          "line": 68,
          "column": 9
        }
      },
      "34": {
        "start": {
          "line": 64,
          "column": 10
        },
        "end": {
          "line": 64,
          "column": 49
        }
      },
      "35": {
        "start": {
          "line": 65,
          "column": 10
        },
        "end": {
          "line": 65,
          "column": 50
        }
      },
      "36": {
        "start": {
          "line": 66,
          "column": 10
        },
        "end": {
          "line": 66,
          "column": 83
        }
      },
      "37": {
        "start": {
          "line": 67,
          "column": 10
        },
        "end": {
          "line": 67,
          "column": 28
        }
      },
      "38": {
        "start": {
          "line": 69,
          "column": 8
        },
        "end": {
          "line": 73,
          "column": 9
        }
      },
      "39": {
        "start": {
          "line": 70,
          "column": 10
        },
        "end": {
          "line": 70,
          "column": 68
        }
      },
      "40": {
        "start": {
          "line": 71,
          "column": 10
        },
        "end": {
          "line": 71,
          "column": 26
        }
      },
      "41": {
        "start": {
          "line": 72,
          "column": 10
        },
        "end": {
          "line": 72,
          "column": 66
        }
      },
      "42": {
        "start": {
          "line": 79,
          "column": 2
        },
        "end": {
          "line": 79,
          "column": 25
        }
      }
    },
    "fnMap": {
      "0": {
        "name": "HeaderComponent_Conditional_3_Template",
        "decl": {
          "start": {
            "line": 12,
            "column": 9
          },
          "end": {
            "line": 12,
            "column": 47
          }
        },
        "loc": {
          "start": {
            "line": 12,
            "column": 57
          },
          "end": {
            "line": 42,
            "column": 1
          }
        },
        "line": 12
      },
      "1": {
        "name": "HeaderComponent_Conditional_3_Template_button_click_1_listener",
        "decl": {
          "start": {
            "line": 16,
            "column": 36
          },
          "end": {
            "line": 16,
            "column": 98
          }
        },
        "loc": {
          "start": {
            "line": 16,
            "column": 101
          },
          "end": {
            "line": 20,
            "column": 5
          }
        },
        "line": 16
      },
      "2": {
        "name": "HeaderComponent_Conditional_3_Template_button_click_11_listener",
        "decl": {
          "start": {
            "line": 33,
            "column": 36
          },
          "end": {
            "line": 33,
            "column": 99
          }
        },
        "loc": {
          "start": {
            "line": 33,
            "column": 102
          },
          "end": {
            "line": 37,
            "column": 5
          }
        },
        "line": 33
      },
      "3": {
        "name": "(anonymous_3)",
        "decl": {
          "start": {
            "line": 43,
            "column": 43
          },
          "end": {
            "line": 43,
            "column": 44
          }
        },
        "loc": {
          "start": {
            "line": 43,
            "column": 49
          },
          "end": {
            "line": 80,
            "column": 1
          }
        },
        "line": 43
      },
      "4": {
        "name": "(anonymous_4)",
        "decl": {
          "start": {
            "line": 47,
            "column": 4
          },
          "end": {
            "line": 47,
            "column": 5
          }
        },
        "loc": {
          "start": {
            "line": 47,
            "column": 15
          },
          "end": {
            "line": 49,
            "column": 5
          }
        },
        "line": 47
      },
      "5": {
        "name": "HeaderComponent_Factory",
        "decl": {
          "start": {
            "line": 50,
            "column": 27
          },
          "end": {
            "line": 50,
            "column": 50
          }
        },
        "loc": {
          "start": {
            "line": 50,
            "column": 70
          },
          "end": {
            "line": 52,
            "column": 5
          }
        },
        "line": 50
      },
      "6": {
        "name": "HeaderComponent_Template",
        "decl": {
          "start": {
            "line": 62,
            "column": 25
          },
          "end": {
            "line": 62,
            "column": 49
          }
        },
        "loc": {
          "start": {
            "line": 62,
            "column": 59
          },
          "end": {
            "line": 74,
            "column": 7
          }
        },
        "line": 62
      }
    },
    "branchMap": {
      "0": {
        "loc": {
          "start": {
            "line": 13,
            "column": 2
          },
          "end": {
            "line": 41,
            "column": 3
          }
        },
        "type": "if",
        "locations": [
          {
            "start": {
              "line": 13,
              "column": 2
            },
            "end": {
              "line": 41,
              "column": 3
            }
          },
          {
            "start": {},
            "end": {}
          }
        ],
        "line": 13
      },
      "1": {
        "loc": {
          "start": {
            "line": 51,
            "column": 18
          },
          "end": {
            "line": 51,
            "column": 54
          }
        },
        "type": "binary-expr",
        "locations": [
          {
            "start": {
              "line": 51,
              "column": 18
            },
            "end": {
              "line": 51,
              "column": 35
            }
          },
          {
            "start": {
              "line": 51,
              "column": 39
            },
            "end": {
              "line": 51,
              "column": 54
            }
          }
        ],
        "line": 51
      },
      "2": {
        "loc": {
          "start": {
            "line": 63,
            "column": 8
          },
          "end": {
            "line": 68,
            "column": 9
          }
        },
        "type": "if",
        "locations": [
          {
            "start": {
              "line": 63,
              "column": 8
            },
            "end": {
              "line": 68,
              "column": 9
            }
          },
          {
            "start": {},
            "end": {}
          }
        ],
        "line": 63
      },
      "3": {
        "loc": {
          "start": {
            "line": 69,
            "column": 8
          },
          "end": {
            "line": 73,
            "column": 9
          }
        },
        "type": "if",
        "locations": [
          {
            "start": {
              "line": 69,
              "column": 8
            },
            "end": {
              "line": 73,
              "column": 9
            }
          },
          {
            "start": {},
            "end": {}
          }
        ],
        "line": 69
      },
      "4": {
        "loc": {
          "start": {
            "line": 72,
            "column": 27
          },
          "end": {
            "line": 72,
            "column": 64
          }
        },
        "type": "cond-expr",
        "locations": [
          {
            "start": {
              "line": 72,
              "column": 58
            },
            "end": {
              "line": 72,
              "column": 59
            }
          },
          {
            "start": {
              "line": 72,
              "column": 62
            },
            "end": {
              "line": 72,
              "column": 64
            }
          }
        ],
        "line": 72
      }
    },
    "s": {
      "0": 698,
      "1": 30,
      "2": 30,
      "3": 30,
      "4": 1,
      "5": 1,
      "6": 1,
      "7": 30,
      "8": 30,
      "9": 30,
      "10": 30,
      "11": 30,
      "12": 30,
      "13": 30,
      "14": 30,
      "15": 30,
      "16": 30,
      "17": 30,
      "18": 30,
      "19": 30,
      "20": 1,
      "21": 1,
      "22": 1,
      "23": 30,
      "24": 30,
      "25": 30,
      "26": 33,
      "27": 52,
      "28": 52,
      "29": 1,
      "30": 33,
      "31": 52,
      "32": 33,
      "33": 1968,
      "34": 52,
      "35": 52,
      "36": 52,
      "37": 52,
      "38": 1968,
      "39": 1916,
      "40": 1916,
      "41": 1916,
      "42": 33
    },
    "f": {
      "0": 698,
      "1": 1,
      "2": 1,
      "3": 33,
      "4": 1,
      "5": 52,
      "6": 1968
    },
    "b": {
      "0": [
        30,
        668
      ],
      "1": [
        52,
        52
      ],
      "2": [
        52,
        1916
      ],
      "3": [
        1916,
        52
      ],
      "4": [
        668,
        1248
      ]
    },
    "inputSourceMap": {
      "version": 3,
      "names": [
        "EventEmitter",
        "inject",
        "MatButtonModule",
        "MatIconModule",
        "MatMenuModule",
        "MatToolbarModule",
        "RouterLink",
        "RouterLinkActive",
        "AuthService",
        "i0",
        "ɵɵelementStart",
        "ɵɵlistener",
        "HeaderComponent_Conditional_3_Template_button_click_1_listener",
        "ɵɵrestoreView",
        "_r1",
        "ctx_r1",
        "ɵɵnextContext",
        "ɵɵresetView",
        "onLogout",
        "ɵɵtext",
        "ɵɵelementEnd",
        "HeaderComponent_Conditional_3_Template_button_click_11_listener",
        "toggleSidenav",
        "emit",
        "HeaderComponent",
        "authService",
        "logout",
        "selectors",
        "outputs",
        "decls",
        "vars",
        "consts",
        "template",
        "HeaderComponent_Template",
        "rf",
        "ctx",
        "ɵɵelement",
        "ɵɵconditionalCreate",
        "HeaderComponent_Conditional_3_Template",
        "ɵɵclassProp",
        "isLoggedIn",
        "ɵɵadvance",
        "ɵɵconditional",
        "i1",
        "MatToolbar",
        "i2",
        "MatButton",
        "MatIconButton",
        "i3",
        "MatIcon",
        "styles"
      ],
      "sources": [
        "F:\\GitRepos\\OpenClassrooms_P5_MDD\\frontend\\src\\app\\components\\header\\header.component\\header.component.ts",
        "F:\\GitRepos\\OpenClassrooms_P5_MDD\\frontend\\src\\app\\components\\header\\header.component\\header.component.html"
      ],
      "sourcesContent": [
        "import { Component, EventEmitter, inject, Output } from '@angular/core';\nimport { MatButtonModule } from '@angular/material/button';\nimport { MatIconModule } from '@angular/material/icon';\nimport { MatMenuModule } from '@angular/material/menu';\nimport { MatToolbarModule } from '@angular/material/toolbar';\nimport { RouterLink, RouterLinkActive } from '@angular/router';\nimport { AuthService } from '../../../core/services/auth.service';\n\n@Component({\n  selector: 'app-header',\n  imports: [MatToolbarModule, MatButtonModule, MatIconModule, RouterLink, MatMenuModule, RouterLinkActive],\n  templateUrl: './header.component.html',\n  styleUrl: './header.component.scss',\n})\nexport class HeaderComponent {\n  protected authService = inject(AuthService);\n  @Output() toggleSidenav = new EventEmitter<void>();\n\n  onLogout() {\n    this.authService.logout();\n  }\n}\n",
        "<mat-toolbar color=\"primary\" [class.is-guest]=\"!authService.isLoggedIn()\">\n    <img alt=\"Logo\" class=\"logo-header\" routerLink=\"/\">\n\n    <span class=\"spacer\"></span>\n\n    @if (authService.isLoggedIn()) {\n    <div class=\"desktop-only links\">\n        <button mat-button class=\"logout-btn\" (click)=\"onLogout()\" data-testid=\"logout-button\">Se déconnecter</button>\n        <button mat-button routerLink=\"/articles\" routerLinkActive=\"active-link\"\n            data-testid=\"nav-articles\">Articles</button>\n        <button mat-button routerLink=\"/themes\" routerLinkActive=\"active-link\" data-testid=\"nav-themes\">Thèmes</button>\n        <button mat-icon-button routerLink=\"/me\" routerLinkActive=\"active-link\" class=\"header-profile-icon\"\n            data-testid=\"nav-profile\">\n            <mat-icon>account_circle</mat-icon>\n        </button>\n    </div>\n    <div class=\"mobile-only\">\n        <button mat-icon-button (click)=\"toggleSidenav.emit()\" data-testid=\"menu-button\">\n            <mat-icon>menu</mat-icon>\n        </button>\n    </div>\n    }\n</mat-toolbar>"
      ],
      "mappings": "AAAA,SAAoBA,YAAY,EAAEC,MAAM,QAAgB,eAAe;AACvE,SAASC,eAAe,QAAQ,0BAA0B;AAC1D,SAASC,aAAa,QAAQ,wBAAwB;AACtD,SAASC,aAAa,QAAQ,wBAAwB;AACtD,SAASC,gBAAgB,QAAQ,2BAA2B;AAC5D,SAASC,UAAU,EAAEC,gBAAgB,QAAQ,iBAAiB;AAC9D,SAASC,WAAW,QAAQ,qCAAqC;;;;;;;;ICCzDC,EADJ,CAAAC,cAAA,aAAgC,gBAC2D;IAAjDD,EAAA,CAAAE,UAAA,mBAAAC,+DAAA;MAAAH,EAAA,CAAAI,aAAA,CAAAC,GAAA;MAAA,MAAAC,MAAA,GAAAN,EAAA,CAAAO,aAAA;MAAA,OAAAP,EAAA,CAAAQ,WAAA,CAASF,MAAA,CAAAG,QAAA,EAAU;IAAA,EAAC;IAA6BT,EAAA,CAAAU,MAAA,0BAAc;IAAAV,EAAA,CAAAW,YAAA,EAAS;IAC9GX,EAAA,CAAAC,cAAA,gBAC+B;IAAAD,EAAA,CAAAU,MAAA,eAAQ;IAAAV,EAAA,CAAAW,YAAA,EAAS;IAChDX,EAAA,CAAAC,cAAA,gBAAgG;IAAAD,EAAA,CAAAU,MAAA,kBAAM;IAAAV,EAAA,CAAAW,YAAA,EAAS;IAG3GX,EAFJ,CAAAC,cAAA,gBAC8B,eAChB;IAAAD,EAAA,CAAAU,MAAA,qBAAc;IAEhCV,EAFgC,CAAAW,YAAA,EAAW,EAC9B,EACP;IAEFX,EADJ,CAAAC,cAAA,cAAyB,iBAC4D;IAAzDD,EAAA,CAAAE,UAAA,mBAAAU,gEAAA;MAAAZ,EAAA,CAAAI,aAAA,CAAAC,GAAA;MAAA,MAAAC,MAAA,GAAAN,EAAA,CAAAO,aAAA;MAAA,OAAAP,EAAA,CAAAQ,WAAA,CAASF,MAAA,CAAAO,aAAA,CAAAC,IAAA,EAAoB;IAAA,EAAC;IAClDd,EAAA,CAAAC,cAAA,gBAAU;IAAAD,EAAA,CAAAU,MAAA,YAAI;IAEtBV,EAFsB,CAAAW,YAAA,EAAW,EACpB,EACP;;;ADNV,WAAaI,eAAe;EAAtB,MAAOA,eAAe;IAChBC,WAAW,GAAGxB,MAAM,CAACO,WAAW,CAAC;IACjCc,aAAa,GAAG,IAAItB,YAAY,EAAQ;IAElDkB,QAAQA,CAAA;MACN,IAAI,CAACO,WAAW,CAACC,MAAM,EAAE;IAC3B;;uCANWF,eAAe;IAAA;;YAAfA,eAAe;MAAAG,SAAA;MAAAC,OAAA;QAAAN,aAAA;MAAA;MAAAO,KAAA;MAAAC,IAAA;MAAAC,MAAA;MAAAC,QAAA,WAAAC,yBAAAC,EAAA,EAAAC,GAAA;QAAA,IAAAD,EAAA;UCd5BzB,EAAA,CAAAC,cAAA,qBAA0E;UAGtED,EAFA,CAAA2B,SAAA,aAAmD,cAEvB;UAE5B3B,EAAA,CAAA4B,mBAAA,IAAAC,sCAAA,QAAgC;UAiBpC7B,EAAA,CAAAW,YAAA,EAAc;;;UAtBeX,EAAA,CAAA8B,WAAA,cAAAJ,GAAA,CAAAV,WAAA,CAAAe,UAAA,GAA4C;UAKrE/B,EAAA,CAAAgC,SAAA,GAgBC;UAhBDhC,EAAA,CAAAiC,aAAA,CAAAP,GAAA,CAAAV,WAAA,CAAAe,UAAA,YAgBC;;;qBDXOnC,gBAAgB,EAAAsC,EAAA,CAAAC,UAAA,EAAE1C,eAAe,EAAA2C,EAAA,CAAAC,SAAA,EAAAD,EAAA,CAAAE,aAAA,EAAE5C,aAAa,EAAA6C,EAAA,CAAAC,OAAA,EAAE3C,UAAU,EAAEF,aAAa,EAAEG,gBAAgB;MAAA2C,MAAA;IAAA;;SAI5F1B,eAAe;AAAA",
      "ignoreList": []
    },
    "_coverageSchema": "1a1c01bbd47fc00a2c39e90264f33305004495a9",
    "hash": "21bd78d9734ffac1a17fe87b0473d524e03fd5c2"
  },
  "F:\\GitRepos\\OpenClassrooms_P5_MDD\\frontend\\src\\app\\features\\auth\\login.component\\login.component.ts": {
    "path": "F:\\GitRepos\\OpenClassrooms_P5_MDD\\frontend\\src\\app\\features\\auth\\login.component\\login.component.ts",
    "statementMap": {
      "0": {
        "start": {
          "line": 17,
          "column": 12
        },
        "end": {
          "line": 17,
          "column": 34
        }
      },
      "1": {
        "start": {
          "line": 19,
          "column": 2
        },
        "end": {
          "line": 23,
          "column": 3
        }
      },
      "2": {
        "start": {
          "line": 20,
          "column": 4
        },
        "end": {
          "line": 20,
          "column": 36
        }
      },
      "3": {
        "start": {
          "line": 21,
          "column": 4
        },
        "end": {
          "line": 21,
          "column": 17
        }
      },
      "4": {
        "start": {
          "line": 22,
          "column": 4
        },
        "end": {
          "line": 22,
          "column": 22
        }
      },
      "5": {
        "start": {
          "line": 24,
          "column": 2
        },
        "end": {
          "line": 28,
          "column": 3
        }
      },
      "6": {
        "start": {
          "line": 25,
          "column": 19
        },
        "end": {
          "line": 25,
          "column": 37
        }
      },
      "7": {
        "start": {
          "line": 26,
          "column": 4
        },
        "end": {
          "line": 26,
          "column": 19
        }
      },
      "8": {
        "start": {
          "line": 27,
          "column": 4
        },
        "end": {
          "line": 27,
          "column": 65
        }
      },
      "9": {
        "start": {
          "line": 30,
          "column": 41
        },
        "end": {
          "line": 136,
          "column": 4
        }
      },
      "10": {
        "start": {
          "line": 32,
          "column": 13
        },
        "end": {
          "line": 32,
          "column": 27
        }
      },
      "11": {
        "start": {
          "line": 33,
          "column": 18
        },
        "end": {
          "line": 33,
          "column": 37
        }
      },
      "12": {
        "start": {
          "line": 34,
          "column": 17
        },
        "end": {
          "line": 34,
          "column": 35
        }
      },
      "13": {
        "start": {
          "line": 35,
          "column": 25
        },
        "end": {
          "line": 37,
          "column": 39
        }
      },
      "14": {
        "start": {
          "line": 38,
          "column": 19
        },
        "end": {
          "line": 40,
          "column": 39
        }
      },
      "15": {
        "start": {
          "line": 41,
          "column": 16
        },
        "end": {
          "line": 50,
          "column": 6
        }
      },
      "16": {
        "start": {
          "line": 52,
          "column": 6
        },
        "end": {
          "line": 64,
          "column": 7
        }
      },
      "17": {
        "start": {
          "line": 53,
          "column": 29
        },
        "end": {
          "line": 53,
          "column": 57
        }
      },
      "18": {
        "start": {
          "line": 54,
          "column": 8
        },
        "end": {
          "line": 63,
          "column": 11
        }
      },
      "19": {
        "start": {
          "line": 56,
          "column": 12
        },
        "end": {
          "line": 56,
          "column": 46
        }
      },
      "20": {
        "start": {
          "line": 57,
          "column": 12
        },
        "end": {
          "line": 57,
          "column": 40
        }
      },
      "21": {
        "start": {
          "line": 60,
          "column": 24
        },
        "end": {
          "line": 60,
          "column": 71
        }
      },
      "22": {
        "start": {
          "line": 61,
          "column": 12
        },
        "end": {
          "line": 61,
          "column": 45
        }
      },
      "23": {
        "start": {
          "line": 67,
          "column": 6
        },
        "end": {
          "line": 67,
          "column": 50
        }
      },
      "24": {
        "start": {
          "line": 69,
          "column": 18
        },
        "end": {
          "line": 71,
          "column": 5
        }
      },
      "25": {
        "start": {
          "line": 70,
          "column": 6
        },
        "end": {
          "line": 70,
          "column": 57
        }
      },
      "26": {
        "start": {
          "line": 72,
          "column": 31
        },
        "end": {
          "line": 133,
          "column": 6
        }
      },
      "27": {
        "start": {
          "line": 80,
          "column": 8
        },
        "end": {
          "line": 115,
          "column": 9
        }
      },
      "28": {
        "start": {
          "line": 81,
          "column": 10
        },
        "end": {
          "line": 81,
          "column": 40
        }
      },
      "29": {
        "start": {
          "line": 82,
          "column": 10
        },
        "end": {
          "line": 82,
          "column": 72
        }
      },
      "30": {
        "start": {
          "line": 83,
          "column": 10
        },
        "end": {
          "line": 83,
          "column": 37
        }
      },
      "31": {
        "start": {
          "line": 84,
          "column": 10
        },
        "end": {
          "line": 84,
          "column": 30
        }
      },
      "32": {
        "start": {
          "line": 85,
          "column": 10
        },
        "end": {
          "line": 85,
          "column": 36
        }
      },
      "33": {
        "start": {
          "line": 86,
          "column": 10
        },
        "end": {
          "line": 86,
          "column": 37
        }
      },
      "34": {
        "start": {
          "line": 87,
          "column": 10
        },
        "end": {
          "line": 87,
          "column": 39
        }
      },
      "35": {
        "start": {
          "line": 88,
          "column": 10
        },
        "end": {
          "line": 88,
          "column": 28
        }
      },
      "36": {
        "start": {
          "line": 89,
          "column": 10
        },
        "end": {
          "line": 89,
          "column": 42
        }
      },
      "37": {
        "start": {
          "line": 90,
          "column": 10
        },
        "end": {
          "line": 92,
          "column": 13
        }
      },
      "38": {
        "start": {
          "line": 91,
          "column": 12
        },
        "end": {
          "line": 91,
          "column": 38
        }
      },
      "39": {
        "start": {
          "line": 93,
          "column": 10
        },
        "end": {
          "line": 93,
          "column": 69
        }
      },
      "40": {
        "start": {
          "line": 94,
          "column": 10
        },
        "end": {
          "line": 94,
          "column": 55
        }
      },
      "41": {
        "start": {
          "line": 95,
          "column": 10
        },
        "end": {
          "line": 95,
          "column": 28
        }
      },
      "42": {
        "start": {
          "line": 96,
          "column": 10
        },
        "end": {
          "line": 96,
          "column": 39
        }
      },
      "43": {
        "start": {
          "line": 97,
          "column": 10
        },
        "end": {
          "line": 97,
          "column": 28
        }
      },
      "44": {
        "start": {
          "line": 98,
          "column": 10
        },
        "end": {
          "line": 98,
          "column": 70
        }
      },
      "45": {
        "start": {
          "line": 99,
          "column": 10
        },
        "end": {
          "line": 99,
          "column": 40
        }
      },
      "46": {
        "start": {
          "line": 100,
          "column": 10
        },
        "end": {
          "line": 100,
          "column": 28
        }
      },
      "47": {
        "start": {
          "line": 101,
          "column": 10
        },
        "end": {
          "line": 101,
          "column": 39
        }
      },
      "48": {
        "start": {
          "line": 102,
          "column": 10
        },
        "end": {
          "line": 102,
          "column": 45
        }
      },
      "49": {
        "start": {
          "line": 103,
          "column": 10
        },
        "end": {
          "line": 105,
          "column": 13
        }
      },
      "50": {
        "start": {
          "line": 104,
          "column": 12
        },
        "end": {
          "line": 104,
          "column": 56
        }
      },
      "51": {
        "start": {
          "line": 106,
          "column": 10
        },
        "end": {
          "line": 106,
          "column": 44
        }
      },
      "52": {
        "start": {
          "line": 107,
          "column": 10
        },
        "end": {
          "line": 107,
          "column": 24
        }
      },
      "53": {
        "start": {
          "line": 108,
          "column": 10
        },
        "end": {
          "line": 108,
          "column": 32
        }
      },
      "54": {
        "start": {
          "line": 109,
          "column": 10
        },
        "end": {
          "line": 109,
          "column": 42
        }
      },
      "55": {
        "start": {
          "line": 110,
          "column": 10
        },
        "end": {
          "line": 110,
          "column": 94
        }
      },
      "56": {
        "start": {
          "line": 111,
          "column": 10
        },
        "end": {
          "line": 111,
          "column": 28
        }
      },
      "57": {
        "start": {
          "line": 112,
          "column": 10
        },
        "end": {
          "line": 112,
          "column": 46
        }
      },
      "58": {
        "start": {
          "line": 113,
          "column": 10
        },
        "end": {
          "line": 113,
          "column": 42
        }
      },
      "59": {
        "start": {
          "line": 114,
          "column": 10
        },
        "end": {
          "line": 114,
          "column": 32
        }
      },
      "60": {
        "start": {
          "line": 116,
          "column": 8
        },
        "end": {
          "line": 129,
          "column": 9
        }
      },
      "61": {
        "start": {
          "line": 117,
          "column": 10
        },
        "end": {
          "line": 117,
          "column": 26
        }
      },
      "62": {
        "start": {
          "line": 118,
          "column": 10
        },
        "end": {
          "line": 118,
          "column": 52
        }
      },
      "63": {
        "start": {
          "line": 119,
          "column": 10
        },
        "end": {
          "line": 119,
          "column": 26
        }
      },
      "64": {
        "start": {
          "line": 120,
          "column": 10
        },
        "end": {
          "line": 120,
          "column": 74
        }
      },
      "65": {
        "start": {
          "line": 121,
          "column": 10
        },
        "end": {
          "line": 121,
          "column": 25
        }
      },
      "66": {
        "start": {
          "line": 122,
          "column": 10
        },
        "end": {
          "line": 122,
          "column": 92
        }
      },
      "67": {
        "start": {
          "line": 123,
          "column": 10
        },
        "end": {
          "line": 123,
          "column": 26
        }
      },
      "68": {
        "start": {
          "line": 124,
          "column": 10
        },
        "end": {
          "line": 124,
          "column": 85
        }
      },
      "69": {
        "start": {
          "line": 125,
          "column": 10
        },
        "end": {
          "line": 125,
          "column": 26
        }
      },
      "70": {
        "start": {
          "line": 126,
          "column": 10
        },
        "end": {
          "line": 126,
          "column": 63
        }
      },
      "71": {
        "start": {
          "line": 127,
          "column": 10
        },
        "end": {
          "line": 127,
          "column": 25
        }
      },
      "72": {
        "start": {
          "line": 128,
          "column": 10
        },
        "end": {
          "line": 128,
          "column": 59
        }
      },
      "73": {
        "start": {
          "line": 135,
          "column": 2
        },
        "end": {
          "line": 135,
          "column": 24
        }
      }
    },
    "fnMap": {
      "0": {
        "name": "LoginComponent_Conditional_21_Template",
        "decl": {
          "start": {
            "line": 18,
            "column": 9
          },
          "end": {
            "line": 18,
            "column": 47
          }
        },
        "loc": {
          "start": {
            "line": 18,
            "column": 57
          },
          "end": {
            "line": 29,
            "column": 1
          }
        },
        "line": 18
      },
      "1": {
        "name": "(anonymous_1)",
        "decl": {
          "start": {
            "line": 30,
            "column": 42
          },
          "end": {
            "line": 30,
            "column": 43
          }
        },
        "loc": {
          "start": {
            "line": 30,
            "column": 48
          },
          "end": {
            "line": 136,
            "column": 1
          }
        },
        "line": 30
      },
      "2": {
        "name": "(anonymous_2)",
        "decl": {
          "start": {
            "line": 51,
            "column": 4
          },
          "end": {
            "line": 51,
            "column": 5
          }
        },
        "loc": {
          "start": {
            "line": 51,
            "column": 19
          },
          "end": {
            "line": 65,
            "column": 5
          }
        },
        "line": 51
      },
      "3": {
        "name": "(anonymous_3)",
        "decl": {
          "start": {
            "line": 55,
            "column": 16
          },
          "end": {
            "line": 55,
            "column": 17
          }
        },
        "loc": {
          "start": {
            "line": 55,
            "column": 23
          },
          "end": {
            "line": 58,
            "column": 11
          }
        },
        "line": 55
      },
      "4": {
        "name": "(anonymous_4)",
        "decl": {
          "start": {
            "line": 59,
            "column": 17
          },
          "end": {
            "line": 59,
            "column": 18
          }
        },
        "loc": {
          "start": {
            "line": 59,
            "column": 24
          },
          "end": {
            "line": 62,
            "column": 11
          }
        },
        "line": 59
      },
      "5": {
        "name": "(anonymous_5)",
        "decl": {
          "start": {
            "line": 66,
            "column": 4
          },
          "end": {
            "line": 66,
            "column": 5
          }
        },
        "loc": {
          "start": {
            "line": 66,
            "column": 36
          },
          "end": {
            "line": 68,
            "column": 5
          }
        },
        "line": 66
      },
      "6": {
        "name": "LoginComponent_Factory",
        "decl": {
          "start": {
            "line": 69,
            "column": 27
          },
          "end": {
            "line": 69,
            "column": 49
          }
        },
        "loc": {
          "start": {
            "line": 69,
            "column": 69
          },
          "end": {
            "line": 71,
            "column": 5
          }
        },
        "line": 69
      },
      "7": {
        "name": "LoginComponent_Template",
        "decl": {
          "start": {
            "line": 79,
            "column": 25
          },
          "end": {
            "line": 79,
            "column": 48
          }
        },
        "loc": {
          "start": {
            "line": 79,
            "column": 58
          },
          "end": {
            "line": 130,
            "column": 7
          }
        },
        "line": 79
      },
      "8": {
        "name": "LoginComponent_Template_form_ngSubmit_8_listener",
        "decl": {
          "start": {
            "line": 90,
            "column": 45
          },
          "end": {
            "line": 90,
            "column": 93
          }
        },
        "loc": {
          "start": {
            "line": 90,
            "column": 96
          },
          "end": {
            "line": 92,
            "column": 11
          }
        },
        "line": 90
      },
      "9": {
        "name": "LoginComponent_Template_button_click_17_listener",
        "decl": {
          "start": {
            "line": 103,
            "column": 42
          },
          "end": {
            "line": 103,
            "column": 90
          }
        },
        "loc": {
          "start": {
            "line": 103,
            "column": 99
          },
          "end": {
            "line": 105,
            "column": 11
          }
        },
        "line": 103
      }
    },
    "branchMap": {
      "0": {
        "loc": {
          "start": {
            "line": 19,
            "column": 2
          },
          "end": {
            "line": 23,
            "column": 3
          }
        },
        "type": "if",
        "locations": [
          {
            "start": {
              "line": 19,
              "column": 2
            },
            "end": {
              "line": 23,
              "column": 3
            }
          },
          {
            "start": {},
            "end": {}
          }
        ],
        "line": 19
      },
      "1": {
        "loc": {
          "start": {
            "line": 24,
            "column": 2
          },
          "end": {
            "line": 28,
            "column": 3
          }
        },
        "type": "if",
        "locations": [
          {
            "start": {
              "line": 24,
              "column": 2
            },
            "end": {
              "line": 28,
              "column": 3
            }
          },
          {
            "start": {},
            "end": {}
          }
        ],
        "line": 24
      },
      "2": {
        "loc": {
          "start": {
            "line": 35,
            "column": 42
          },
          "end": {
            "line": 37,
            "column": 37
          }
        },
        "type": "cond-expr",
        "locations": [
          {
            "start": {
              "line": 35,
              "column": 54
            },
            "end": {
              "line": 37,
              "column": 6
            }
          }
        ],
        "line": 35
      },
      "3": {
        "loc": {
          "start": {
            "line": 38,
            "column": 36
          },
          "end": {
            "line": 40,
            "column": 37
          }
        },
        "type": "cond-expr",
        "locations": [
          {
            "start": {
              "line": 38,
              "column": 48
            },
            "end": {
              "line": 40,
              "column": 6
            }
          }
        ],
        "line": 38
      },
      "4": {
        "loc": {
          "start": {
            "line": 52,
            "column": 6
          },
          "end": {
            "line": 64,
            "column": 7
          }
        },
        "type": "if",
        "locations": [
          {
            "start": {
              "line": 52,
              "column": 6
            },
            "end": {
              "line": 64,
              "column": 7
            }
          },
          {
            "start": {},
            "end": {}
          }
        ],
        "line": 52
      },
      "5": {
        "loc": {
          "start": {
            "line": 60,
            "column": 24
          },
          "end": {
            "line": 60,
            "column": 71
          }
        },
        "type": "binary-expr",
        "locations": [
          {
            "start": {
              "line": 60,
              "column": 24
            },
            "end": {
              "line": 60,
              "column": 42
            }
          },
          {
            "start": {
              "line": 60,
              "column": 46
            },
            "end": {
              "line": 60,
              "column": 71
            }
          }
        ],
        "line": 60
      },
      "6": {
        "loc": {
          "start": {
            "line": 70,
            "column": 18
          },
          "end": {
            "line": 70,
            "column": 53
          }
        },
        "type": "binary-expr",
        "locations": [
          {
            "start": {
              "line": 70,
              "column": 18
            },
            "end": {
              "line": 70,
              "column": 35
            }
          },
          {
            "start": {
              "line": 70,
              "column": 39
            },
            "end": {
              "line": 70,
              "column": 53
            }
          }
        ],
        "line": 70
      },
      "7": {
        "loc": {
          "start": {
            "line": 80,
            "column": 8
          },
          "end": {
            "line": 115,
            "column": 9
          }
        },
        "type": "if",
        "locations": [
          {
            "start": {
              "line": 80,
              "column": 8
            },
            "end": {
              "line": 115,
              "column": 9
            }
          },
          {
            "start": {},
            "end": {}
          }
        ],
        "line": 80
      },
      "8": {
        "loc": {
          "start": {
            "line": 116,
            "column": 8
          },
          "end": {
            "line": 129,
            "column": 9
          }
        },
        "type": "if",
        "locations": [
          {
            "start": {
              "line": 116,
              "column": 8
            },
            "end": {
              "line": 129,
              "column": 9
            }
          },
          {
            "start": {},
            "end": {}
          }
        ],
        "line": 116
      },
      "9": {
        "loc": {
          "start": {
            "line": 120,
            "column": 32
          },
          "end": {
            "line": 120,
            "column": 72
          }
        },
        "type": "cond-expr",
        "locations": [
          {
            "start": {
              "line": 120,
              "column": 53
            },
            "end": {
              "line": 120,
              "column": 63
            }
          },
          {
            "start": {
              "line": 120,
              "column": 66
            },
            "end": {
              "line": 120,
              "column": 72
            }
          }
        ],
        "line": 120
      },
      "10": {
        "loc": {
          "start": {
            "line": 124,
            "column": 31
          },
          "end": {
            "line": 124,
            "column": 83
          }
        },
        "type": "cond-expr",
        "locations": [
          {
            "start": {
              "line": 124,
              "column": 52
            },
            "end": {
              "line": 124,
              "column": 68
            }
          },
          {
            "start": {
              "line": 124,
              "column": 71
            },
            "end": {
              "line": 124,
              "column": 83
            }
          }
        ],
        "line": 124
      },
      "11": {
        "loc": {
          "start": {
            "line": 126,
            "column": 27
          },
          "end": {
            "line": 126,
            "column": 61
          }
        },
        "type": "cond-expr",
        "locations": [
          {
            "start": {
              "line": 126,
              "column": 54
            },
            "end": {
              "line": 126,
              "column": 56
            }
          },
          {
            "start": {
              "line": 126,
              "column": 59
            },
            "end": {
              "line": 126,
              "column": 61
            }
          }
        ],
        "line": 126
      }
    },
    "s": {
      "0": 33,
      "1": 3,
      "2": 1,
      "3": 1,
      "4": 1,
      "5": 3,
      "6": 2,
      "7": 2,
      "8": 2,
      "9": 33,
      "10": 19,
      "11": 19,
      "12": 19,
      "13": 19,
      "14": 19,
      "15": 19,
      "16": 19,
      "17": 19,
      "18": 19,
      "19": 18,
      "20": 18,
      "21": 1,
      "22": 1,
      "23": 1,
      "24": 33,
      "25": 19,
      "26": 33,
      "27": 999,
      "28": 19,
      "29": 19,
      "30": 19,
      "31": 19,
      "32": 19,
      "33": 19,
      "34": 19,
      "35": 19,
      "36": 19,
      "37": 19,
      "38": 19,
      "39": 19,
      "40": 19,
      "41": 19,
      "42": 19,
      "43": 19,
      "44": 19,
      "45": 19,
      "46": 19,
      "47": 19,
      "48": 19,
      "49": 19,
      "50": 1,
      "51": 19,
      "52": 19,
      "53": 19,
      "54": 19,
      "55": 19,
      "56": 19,
      "57": 19,
      "58": 19,
      "59": 19,
      "60": 999,
      "61": 980,
      "62": 980,
      "63": 980,
      "64": 980,
      "65": 980,
      "66": 980,
      "67": 980,
      "68": 980,
      "69": 980,
      "70": 980,
      "71": 980,
      "72": 980,
      "73": 33
    },
    "f": {
      "0": 3,
      "1": 33,
      "2": 19,
      "3": 18,
      "4": 1,
      "5": 1,
      "6": 19,
      "7": 999,
      "8": 19,
      "9": 1
    },
    "b": {
      "0": [
        1,
        2
      ],
      "1": [
        2,
        1
      ],
      "2": [
        19
      ],
      "3": [
        19
      ],
      "4": [
        19,
        0
      ],
      "5": [
        1,
        0
      ],
      "6": [
        19,
        19
      ],
      "7": [
        19,
        980
      ],
      "8": [
        980,
        19
      ],
      "9": [
        976,
        4
      ],
      "10": [
        976,
        4
      ],
      "11": [
        2,
        978
      ]
    },
    "inputSourceMap": {
      "version": 3,
      "names": [
        "DestroyRef",
        "inject",
        "signal",
        "takeUntilDestroyed",
        "FormControl",
        "FormGroup",
        "ReactiveFormsModule",
        "Validators",
        "MatButtonModule",
        "MatFormFieldModule",
        "MatIconModule",
        "MatInputModule",
        "Router",
        "RouterLink",
        "HeaderComponent",
        "AuthService",
        "i0",
        "ɵɵelementStart",
        "ɵɵtext",
        "ɵɵelementEnd",
        "ɵɵadvance",
        "ɵɵtextInterpolate1",
        "ctx_r0",
        "serverErrorMessage",
        "LoginComponent",
        "router",
        "authService",
        "destroyRef",
        "ngDevMode",
        "debugName",
        "hidePassword",
        "loginForm",
        "identifier",
        "nonNullable",
        "validators",
        "required",
        "password",
        "onSubmitForm",
        "valid",
        "loginRequest",
        "getRawValue",
        "loginUser",
        "pipe",
        "subscribe",
        "next",
        "res",
        "set",
        "navigate",
        "error",
        "err",
        "msg",
        "message",
        "togglePasswordVisibility",
        "event",
        "selectors",
        "attrs",
        "_c0",
        "decls",
        "vars",
        "consts",
        "template",
        "LoginComponent_Template",
        "rf",
        "ctx",
        "ɵɵelement",
        "ɵɵlistener",
        "LoginComponent_Template_form_ngSubmit_8_listener",
        "LoginComponent_Template_button_click_17_listener",
        "$event",
        "ɵɵconditionalCreate",
        "LoginComponent_Conditional_21_Template",
        "ɵɵproperty",
        "ɵɵtextInterpolate",
        "ɵɵconditional",
        "invalid",
        "i1",
        "MatFormField",
        "MatLabel",
        "MatSuffix",
        "i2",
        "MatInput",
        "i3",
        "ɵNgNoValidate",
        "DefaultValueAccessor",
        "NgControlStatus",
        "NgControlStatusGroup",
        "FormGroupDirective",
        "FormControlName",
        "i4",
        "MatIcon",
        "i5",
        "MatButton",
        "MatIconButton",
        "styles"
      ],
      "sources": [
        "F:\\GitRepos\\OpenClassrooms_P5_MDD\\frontend\\src\\app\\features\\auth\\login.component\\login.component.ts",
        "F:\\GitRepos\\OpenClassrooms_P5_MDD\\frontend\\src\\app\\features\\auth\\login.component\\login.component.html"
      ],
      "sourcesContent": [
        "import { Component, DestroyRef, inject, signal } from '@angular/core';\nimport { takeUntilDestroyed } from '@angular/core/rxjs-interop';\nimport { FormControl, FormGroup, ReactiveFormsModule, Validators } from '@angular/forms';\nimport { MatButtonModule } from '@angular/material/button';\nimport { MatFormFieldModule } from '@angular/material/form-field';\nimport { MatIconModule } from '@angular/material/icon';\nimport { MatInputModule } from '@angular/material/input';\nimport { Router, RouterLink } from '@angular/router';\nimport { HeaderComponent } from '../../../components/header/header.component/header.component';\nimport { LoginRequest } from '../../../core/models/auth.model';\nimport { AuthService } from '../../../core/services/auth.service';\n\n@Component({\n  selector: 'app-login.component',\n  imports: [\n    MatFormFieldModule,\n    MatInputModule,\n    ReactiveFormsModule,\n    MatIconModule,\n    RouterLink,\n    MatButtonModule,\n    HeaderComponent\n  ],\n  templateUrl: './login.component.html',\n  styleUrl: './login.component.scss',\n})\nexport class LoginComponent {\n\n  private router = inject(Router);\n  private authService = inject(AuthService);\n  private destroyRef = inject(DestroyRef);\n  serverErrorMessage = signal<string | null>(null);\n  hidePassword = signal(true);\n\n\n  loginForm = new FormGroup({\n    identifier: new FormControl('', { nonNullable: true, validators: [Validators.required] }),\n    password: new FormControl('', { nonNullable: true, validators: [Validators.required] })\n  });\n\n\n\n  onSubmitForm() {\n    if (this.loginForm.valid) {\n      const loginRequest: LoginRequest = this.loginForm.getRawValue();\n      this.authService.loginUser(loginRequest).pipe(takeUntilDestroyed(this.destroyRef)).subscribe({\n        next: (res) => {\n          this.serverErrorMessage.set(null);\n          this.router.navigate(['/']);\n        },\n        error: (err) => {\n          const msg = err.error?.message || \"Une erreur est survenue\";\n          this.serverErrorMessage.set(msg);\n        }\n      });\n    }\n\n  }\n\n  togglePasswordVisibility(event: MouseEvent) {\n    this.hidePassword.set(!this.hidePassword());\n  }\n}\n",
        "<app-header></app-header>\n<div class=\"centered-container\">\n    <button mat-icon-button class=\"back-btn\" routerLink=\"/\" aria-label=\"Retour\">\n        <mat-icon>arrow_back</mat-icon>\n    </button>\n    <img class=\"logo-large\">\n    <h2>Se connecter</h2>\n    <form [formGroup]=\"loginForm\" (ngSubmit)=\"onSubmitForm()\" class=\"full-width-form\" data-testid=\"login-form\">\n        <mat-form-field appearance=\"outline\" data-testid=\"login-input\">\n            <mat-label>Nom d'utilisateur ou E-mail</mat-label>\n            <input matInput formControlName=\"identifier\" placeholder=\"john.dev\">\n        </mat-form-field>\n        <mat-form-field appearance=\"outline\">\n            <mat-label>Mot de passe</mat-label>\n            <input matInput [type]=\"hidePassword()? 'password' : 'text'\" formControlName=\"password\" placeholder=\"\"\n                data-testid=\"password-input\">\n            <button mat-icon-button matSuffix type=\"button\" (click)=\"togglePasswordVisibility($event)\"\n                [attr.aria-label]=\"'Hide password'\" [attr.aria-pressed]=\"hidePassword()\"\n                data-testid=\"toggle-password-btn\">\n                <mat-icon>{{hidePassword()? 'visibility_off' : 'visibility'}}</mat-icon>\n            </button>\n        </mat-form-field>\n        <div class=\"error-container\">\n            @if (serverErrorMessage()) {\n            <div class=\"server-error\" data-testid=\"server-error\">\n                {{ serverErrorMessage() }}\n            </div>\n            }\n        </div>\n        <button mat-raised-button type=\"submit\" class=\"submit-btn\" [disabled]=\"loginForm.invalid\"\n            data-testid=\"submit-btn\">\n            Se connecter\n        </button>\n\n    </form>\n</div>"
      ],
      "mappings": "AAAA,SAAoBA,UAAU,EAAEC,MAAM,EAAEC,MAAM,QAAQ,eAAe;AACrE,SAASC,kBAAkB,QAAQ,4BAA4B;AAC/D,SAASC,WAAW,EAAEC,SAAS,EAAEC,mBAAmB,EAAEC,UAAU,QAAQ,gBAAgB;AACxF,SAASC,eAAe,QAAQ,0BAA0B;AAC1D,SAASC,kBAAkB,QAAQ,8BAA8B;AACjE,SAASC,aAAa,QAAQ,wBAAwB;AACtD,SAASC,cAAc,QAAQ,yBAAyB;AACxD,SAASC,MAAM,EAAEC,UAAU,QAAQ,iBAAiB;AACpD,SAASC,eAAe,QAAQ,8DAA8D;AAE9F,SAASC,WAAW,QAAQ,qCAAqC;;;;;;;;;;ICcrDC,EAAA,CAAAC,cAAA,cAAqD;IACjDD,EAAA,CAAAE,MAAA,GACJ;IAAAF,EAAA,CAAAG,YAAA,EAAM;;;;IADFH,EAAA,CAAAI,SAAA,EACJ;IADIJ,EAAA,CAAAK,kBAAA,MAAAC,MAAA,CAAAC,kBAAA,QACJ;;;ADAZ,WAAaC,cAAc;EAArB,MAAOA,cAAc;IAEjBC,MAAM,GAAGxB,MAAM,CAACW,MAAM,CAAC;IACvBc,WAAW,GAAGzB,MAAM,CAACc,WAAW,CAAC;IACjCY,UAAU,GAAG1B,MAAM,CAACD,UAAU,CAAC;IACvCuB,kBAAkB,GAAGrB,MAAM,CAAgB,IAAI,MAAA0B,SAAA;MAAAC,SAAA;IAAA,mCAAC;IAChDC,YAAY,GAAG5B,MAAM,CAAC,IAAI,MAAA0B,SAAA;MAAAC,SAAA;IAAA,mCAAC;IAG3BE,SAAS,GAAG,IAAI1B,SAAS,CAAC;MACxB2B,UAAU,EAAE,IAAI5B,WAAW,CAAC,EAAE,EAAE;QAAE6B,WAAW,EAAE,IAAI;QAAEC,UAAU,EAAE,CAAC3B,UAAU,CAAC4B,QAAQ;MAAC,CAAE,CAAC;MACzFC,QAAQ,EAAE,IAAIhC,WAAW,CAAC,EAAE,EAAE;QAAE6B,WAAW,EAAE,IAAI;QAAEC,UAAU,EAAE,CAAC3B,UAAU,CAAC4B,QAAQ;MAAC,CAAE;KACvF,CAAC;IAIFE,YAAYA,CAAA;MACV,IAAI,IAAI,CAACN,SAAS,CAACO,KAAK,EAAE;QACxB,MAAMC,YAAY,GAAiB,IAAI,CAACR,SAAS,CAACS,WAAW,EAAE;QAC/D,IAAI,CAACd,WAAW,CAACe,SAAS,CAACF,YAAY,CAAC,CAACG,IAAI,CAACvC,kBAAkB,CAAC,IAAI,CAACwB,UAAU,CAAC,CAAC,CAACgB,SAAS,CAAC;UAC3FC,IAAI,EAAGC,GAAG,IAAI;YACZ,IAAI,CAACtB,kBAAkB,CAACuB,GAAG,CAAC,IAAI,CAAC;YACjC,IAAI,CAACrB,MAAM,CAACsB,QAAQ,CAAC,CAAC,GAAG,CAAC,CAAC;UAC7B,CAAC;UACDC,KAAK,EAAGC,GAAG,IAAI;YACb,MAAMC,GAAG,GAAGD,GAAG,CAACD,KAAK,EAAEG,OAAO,IAAI,yBAAyB;YAC3D,IAAI,CAAC5B,kBAAkB,CAACuB,GAAG,CAACI,GAAG,CAAC;UAClC;SACD,CAAC;MACJ;IAEF;IAEAE,wBAAwBA,CAACC,KAAiB;MACxC,IAAI,CAACvB,YAAY,CAACgB,GAAG,CAAC,CAAC,IAAI,CAAChB,YAAY,EAAE,CAAC;IAC7C;;uCAnCWN,cAAc;IAAA;;YAAdA,cAAc;MAAA8B,SAAA;MAAAC,KAAA,EAAAC,GAAA;MAAAC,KAAA;MAAAC,IAAA;MAAAC,MAAA;MAAAC,QAAA,WAAAC,wBAAAC,EAAA,EAAAC,GAAA;QAAA,IAAAD,EAAA;UC1B3B9C,EAAA,CAAAgD,SAAA,iBAAyB;UAGjBhD,EAFR,CAAAC,cAAA,aAAgC,gBACgD,eAC9D;UAAAD,EAAA,CAAAE,MAAA,iBAAU;UACxBF,EADwB,CAAAG,YAAA,EAAW,EAC1B;UACTH,EAAA,CAAAgD,SAAA,aAAwB;UACxBhD,EAAA,CAAAC,cAAA,SAAI;UAAAD,EAAA,CAAAE,MAAA,mBAAY;UAAAF,EAAA,CAAAG,YAAA,EAAK;UACrBH,EAAA,CAAAC,cAAA,cAA2G;UAA7ED,EAAA,CAAAiD,UAAA,sBAAAC,iDAAA;YAAA,OAAYH,GAAA,CAAA1B,YAAA,EAAc;UAAA,EAAC;UAEjDrB,EADJ,CAAAC,cAAA,wBAA+D,iBAChD;UAAAD,EAAA,CAAAE,MAAA,mCAA2B;UAAAF,EAAA,CAAAG,YAAA,EAAY;UAClDH,EAAA,CAAAgD,SAAA,gBAAoE;UACxEhD,EAAA,CAAAG,YAAA,EAAiB;UAEbH,EADJ,CAAAC,cAAA,yBAAqC,iBACtB;UAAAD,EAAA,CAAAE,MAAA,oBAAY;UAAAF,EAAA,CAAAG,YAAA,EAAY;UACnCH,EAAA,CAAAgD,SAAA,gBACiC;UACjChD,EAAA,CAAAC,cAAA,iBAEsC;UAFUD,EAAA,CAAAiD,UAAA,mBAAAE,iDAAAC,MAAA;YAAA,OAASL,GAAA,CAAAX,wBAAA,CAAAgB,MAAA,CAAgC;UAAA,EAAC;UAGtFpD,EAAA,CAAAC,cAAA,gBAAU;UAAAD,EAAA,CAAAE,MAAA,IAAmD;UAErEF,EAFqE,CAAAG,YAAA,EAAW,EACnE,EACI;UACjBH,EAAA,CAAAC,cAAA,cAA6B;UACzBD,EAAA,CAAAqD,mBAAA,KAAAC,sCAAA,kBAA4B;UAKhCtD,EAAA,CAAAG,YAAA,EAAM;UACNH,EAAA,CAAAC,cAAA,kBAC6B;UACzBD,EAAA,CAAAE,MAAA,sBACJ;UAGRF,EAHQ,CAAAG,YAAA,EAAS,EAEN,EACL;;;UA5BIH,EAAA,CAAAI,SAAA,GAAuB;UAAvBJ,EAAA,CAAAuD,UAAA,cAAAR,GAAA,CAAAhC,SAAA,CAAuB;UAOLf,EAAA,CAAAI,SAAA,GAA4C;UAA5CJ,EAAA,CAAAuD,UAAA,SAAAR,GAAA,CAAAjC,YAAA,yBAA4C;UAGxDd,EAAA,CAAAI,SAAA,EAAmC;;UA
[...]
        "<div class=\"themes-container\">\n    <div class=\"themes-grid\">\n        @for (theme of themes$ | async; track theme.id) {\n        <app-theme-card [theme]=\"theme\" data-testid=\"theme-card\" />\n        }\n    </div>\n</div>"
      ],
      "mappings": "AAAA,SAASA,SAAS,QAAQ,iBAAiB;AAC3C,SAAoBC,UAAU,EAAEC,MAAM,QAAQ,eAAe;AAC7D,SAASC,kBAAkB,QAAQ,4BAA4B;AAC/D,SAASC,aAAa,EAAEC,GAAG,QAAQ,MAAM;AACzC,SAASC,kBAAkB,QAAQ,0DAA0D;AAC7F,SAASC,YAAY,QAAQ,sCAAsC;;;;;ICF3DC,EAAA,CAAAC,SAAA,wBAA2D;;;;IAA3CD,EAAA,CAAAE,UAAA,UAAAC,QAAA,CAAe;;;ADUvC,WAAaC,cAAc;EAArB,MAAOA,cAAc;IACjBC,YAAY,GAAGX,MAAM,CAACK,YAAY,CAAC;IACnCO,UAAU,GAAGZ,MAAM,CAACD,UAAU,CAAC;IACvCc,UAAU,GAAG,IAAI,CAACF,YAAY,CAACG,YAAY,EAAE;IAC7CC,iBAAiB,GAAG,IAAI,CAACJ,YAAY,CAACK,oBAAoB,EAAE;IAE5D;IACAC,OAAO,GAAGf,aAAa,CAAC,CAAC,IAAI,CAACW,UAAU,EAAE,IAAI,CAACE,iBAAiB,CAAC,CAAC,CAACG,IAAI,CACrEjB,kBAAkB,CAAC,IAAI,CAACW,UAAU,CAAC,EACnCT,GAAG,CACD,CAAC,CAACgB,SAAS,EAAEC,gBAAgB,CAAC,KAAI;MAChC,MAAMC,mBAAmB,GAAG,IAAIC,GAAG,CAACF,gBAAgB,CAACjB,GAAG,CAACoB,CAAC,IAAIA,CAAC,CAACC,EAAE,CAAC,CAAC;MACpE,OAAOL,SAAS,CAAChB,GAAG,CAACsB,KAAK,KAAK;QAC7B,GAAGA,KAAK;QACRC,YAAY,EAAEL,mBAAmB,CAACM,GAAG,CAACF,KAAK,CAACD,EAAE;OAC/C,CAAC,CAAC;IACL,CAAC,CACF,CACF;;uCAlBUd,cAAc;IAAA;;YAAdA,cAAc;MAAAkB,SAAA;MAAAC,KAAA;MAAAC,IAAA;MAAAC,MAAA;MAAAC,QAAA,WAAAC,wBAAAC,EAAA,EAAAC,GAAA;QAAA,IAAAD,EAAA;UCZvB5B,EADJ,CAAA8B,cAAA,aAA8B,aACD;UACrB9B,EAAA,CAAA+B,gBAAA,IAAAC,6BAAA,6BAAAC,UAAA,CAEC;;UAETjC,EADI,CAAAkC,YAAA,EAAM,EACJ;;;UAJElC,EAAA,CAAAmC,SAAA,GAEC;UAFDnC,EAAA,CAAAoC,UAAA,CAAApC,EAAA,CAAAqC,WAAA,OAAAR,GAAA,CAAAlB,OAAA,EAEC;;;qBDKcb,kBAAkB,EAA7BN,SAAS;MAAA8C,MAAA;IAAA;;SAIRlC,cAAc;AAAA",
      "ignoreList": []
    },
    "_coverageSchema": "1a1c01bbd47fc00a2c39e90264f33305004495a9",
    "hash": "1691c12f34d0829064edaa1d0eef58cec66d64db"
  },
  "F:\\GitRepos\\OpenClassrooms_P5_MDD\\frontend\\src\\app\\app.routes.ts": {
    "path": "F:\\GitRepos\\OpenClassrooms_P5_MDD\\frontend\\src\\app\\app.routes.ts",
    "statementMap": {
      "0": {
        "start": {
          "line": 9,
          "column": 22
        },
        "end": {
          "line": 38,
          "column": 2
        }
      }
    },
    "fnMap": {},
    "branchMap": {},
    "s": {
      "0": 33
    },
    "f": {},
    "b": {},
    "inputSourceMap": {
      "version": 3,
      "names": [
        "LoginComponent",
        "RegisterComponent",
        "HomeComponent",
        "ArticleCreationComponent",
        "ArticleDetailsComponent",
        "ArticleComponent",
        "MeComponent",
        "ThemeComponent",
        "routes",
        "path",
        "component",
        "children",
        "redirectTo",
        "pathMatch"
      ],
      "sources": [
        "F:\\GitRepos\\OpenClassrooms_P5_MDD\\frontend\\src\\app\\app.routes.ts"
      ],
      "sourcesContent": [
        "import { Routes } from '@angular/router';\r\nimport { LoginComponent } from './features/auth/login.component/login.component';\r\nimport { RegisterComponent } from './features/auth/register.component/register.component';\r\nimport { HomeComponent } from './features/home/home.component';\r\nimport { ArticleCreationComponent } from './features/main/article/article-creation/article-creation.component';\r\nimport { ArticleDetailsComponent } from './features/main/article/article-details/article-details.component';\r\nimport { ArticleComponent } from './features/main/article/article.component';\r\nimport { MeComponent } from './features/main/me/me.component';\r\nimport { ThemeComponent } from './features/main/theme/theme.component';\r\n\r\nexport const routes: Routes = [\r\n    {\r\n        path: '', component: HomeComponent,\r\n        children: [\r\n            { path: '', redirectTo: 'articles', pathMatch: 'full' },\r\n            { path: 'articles', component: ArticleComponent },\r\n            { path: 'themes', component: ThemeComponent },\r\n            { path: 'me', component: MeComponent },\r\n            { path: 'articles/new', component: ArticleCreationComponent },\r\n            { path: 'articles/:id', component: ArticleDetailsComponent }\r\n        ]\r\n    },\r\n    { path: 'register', component: RegisterComponent },\r\n    { path: 'login', component: LoginComponent },\r\n\r\n];\r\n"
      ],
      "mappings": "AACA,SAASA,cAAc,QAAQ,iDAAiD;AAChF,SAASC,iBAAiB,QAAQ,uDAAuD;AACzF,SAASC,aAAa,QAAQ,gCAAgC;AAC9D,SAASC,wBAAwB,QAAQ,qEAAqE;AAC9G,SAASC,uBAAuB,QAAQ,mEAAmE;AAC3G,SAASC,gBAAgB,QAAQ,2CAA2C;AAC5E,SAASC,WAAW,QAAQ,iCAAiC;AAC7D,SAASC,cAAc,QAAQ,uCAAuC;AAEtE,OAAO,MAAMC,MAAM,GAAW,CAC1B;EACIC,IAAI,EAAE,EAAE;EAAEC,SAAS,EAAER,aAAa;EAClCS,QAAQ,EAAE,CACN;IAAEF,IAAI,EAAE,EAAE;IAAEG,UAAU,EAAE,UAAU;IAAEC,SAAS,EAAE;EAAM,CAAE,EACvD;IAAEJ,IAAI,EAAE,UAAU;IAAEC,SAAS,EAAEL;EAAgB,CAAE,EACjD;IAAEI,IAAI,EAAE,QAAQ;IAAEC,SAAS,EAAEH;EAAc,CAAE,EAC7C;IAAEE,IAAI,EAAE,IAAI;IAAEC,SAAS,EAAEJ;EAAW,CAAE,EACtC;IAAEG,IAAI,EAAE,cAAc;IAAEC,SAAS,EAAEP;EAAwB,CAAE,EAC7D;IAAEM,IAAI,EAAE,cAAc;IAAEC,SAAS,EAAEN;EAAuB,CAAE;CAEnE,EACD;EAAEK,IAAI,EAAE,UAAU;EAAEC,SAAS,EAAET;AAAiB,CAAE,EAClD;EAAEQ,IAAI,EAAE,OAAO;EAAEC,SAAS,EAAEV;AAAc,CAAE,CAE/C",
      "ignoreList": []
    },
    "_coverageSchema": "1a1c01bbd47fc00a2c39e90264f33305004495a9",
    "hash": "50914a4c22a9450f1b90c0b392102298ea8238fb"
  },
  "F:\\GitRepos\\OpenClassrooms_P5_MDD\\frontend\\src\\app\\core\\interceptors\\token.interceptor.ts": {
    "path": "F:\\GitRepos\\OpenClassrooms_P5_MDD\\frontend\\src\\app\\core\\interceptors\\token.interceptor.ts",
    "statementMap": {
      "0": {
        "start": {
          "line": 1,
          "column": 32
        },
        "end": {
          "line": 12,
          "column": 1
        }
      },
      "1": {
        "start": {
          "line": 2,
          "column": 2
        },
        "end": {
          "line": 4,
          "column": 3
        }
      },
      "2": {
        "start": {
          "line": 3,
          "column": 4
        },
        "end": {
          "line": 3,
          "column": 21
        }
      },
      "3": {
        "start": {
          "line": 5,
          "column": 19
        },
        "end": {
          "line": 5,
          "column": 30
        }
      },
      "4": {
        "start": {
          "line": 6,
          "column": 18
        },
        "end": {
          "line": 10,
          "column": 4
        }
      },
      "5": {
        "start": {
          "line": 11,
          "column": 2
        },
        "end": {
          "line": 11,
          "column": 23
        }
      }
    },
    "fnMap": {
      "0": {
        "name": "(anonymous_0)",
        "decl": {
          "start": {
            "line": 1,
            "column": 32
          },
          "end": {
            "line": 1,
            "column": 33
          }
        },
        "loc": {
          "start": {
            "line": 1,
            "column": 47
          },
          "end": {
            "line": 12,
            "column": 1
          }
        },
        "line": 1
      }
    },
    "branchMap": {
      "0": {
        "loc": {
          "start": {
            "line": 2,
            "column": 2
          },
          "end": {
            "line": 4,
            "column": 3
          }
        },
        "type": "if",
        "locations": [
          {
            "start": {
              "line": 2,
              "column": 2
            },
            "end": {
              "line": 4,
              "column": 3
            }
          },
          {
            "start": {},
            "end": {}
          }
        ],
        "line": 2
      },
      "1": {
        "loc": {
          "start": {
            "line": 2,
            "column": 6
          },
          "end": {
            "line": 2,
            "column": 65
          }
        },
        "type": "binary-expr",
        "locations": [
          {
            "start": {
              "line": 2,
              "column": 6
            },
            "end": {
              "line": 2,
              "column": 32
            }
          },
          {
            "start": {
              "line": 2,
              "column": 36
            },
            "end": {
              "line": 2,
              "column": 65
            }
          }
        ],
        "line": 2
      }
    },
    "s": {
      "0": 33,
      "1": 87,
      "2": 22,
      "3": 65,
      "4": 65,
      "5": 65
    },
    "f": {
      "0": 87
    },
    "b": {
      "0": [
        22,
        65
      ],
      "1": [
        87,
        68
      ]
    },
    "inputSourceMap": {
      "version": 3,
      "names": [
        "tokenInterceptor",
        "req",
        "next",
        "url",
        "includes",
        "tokenKey",
        "authReq",
        "clone",
        "setHeaders",
        "Authorization",
        "localStorage",
        "getItem"
      ],
      "sources": [
        "F:\\GitRepos\\OpenClassrooms_P5_MDD\\frontend\\src\\app\\core\\interceptors\\token.interceptor.ts"
      ],
      "sourcesContent": [
        "import { HttpEvent, HttpHandlerFn, HttpInterceptorFn, HttpRequest } from \"@angular/common/http\";\r\nimport { Observable } from \"rxjs\";\r\n\r\nexport const tokenInterceptor: HttpInterceptorFn = (req: HttpRequest<unknown>, next: HttpHandlerFn): Observable<HttpEvent<unknown>> => {\r\n    if (req.url.includes('/login') || req.url.includes('/register')) {\r\n        return next(req);\r\n    }\r\n\r\n    const tokenKey = \"MDD_token\";\r\n    const authReq = req.clone({\r\n        setHeaders: {\r\n            Authorization: `Bearer ${localStorage.getItem(tokenKey)}`\r\n        }\r\n    })\r\n    return next(authReq)\r\n}\r\n"
      ],
      "mappings": "AAGA,OAAO,MAAMA,gBAAgB,GAAsBA,CAACC,GAAyB,EAAEC,IAAmB,KAAoC;EAClI,IAAID,GAAG,CAACE,GAAG,CAACC,QAAQ,CAAC,QAAQ,CAAC,IAAIH,GAAG,CAACE,GAAG,CAACC,QAAQ,CAAC,WAAW,CAAC,EAAE;IAC7D,OAAOF,IAAI,CAACD,GAAG,CAAC;EACpB;EAEA,MAAMI,QAAQ,GAAG,WAAW;EAC5B,MAAMC,OAAO,GAAGL,GAAG,CAACM,KAAK,CAAC;IACtBC,UAAU,EAAE;MACRC,aAAa,EAAE,UAAUC,YAAY,CAACC,OAAO,CAACN,QAAQ,CAAC;;GAE9D,CAAC;EACF,OAAOH,IAAI,CAACI,OAAO,CAAC;AACxB,CAAC",
      "ignoreList": []
    },
    "_coverageSchema": "1a1c01bbd47fc00a2c39e90264f33305004495a9",
    "hash": "43799027285884c4e0be15250dc0a487983a463e"
  },
  "F:\\GitRepos\\OpenClassrooms_P5_MDD\\frontend\\src\\app\\app.config.ts": {
    "path": "F:\\GitRepos\\OpenClassrooms_P5_MDD\\frontend\\src\\app\\app.config.ts",
    "statementMap": {
      "0": {
        "start": {
          "line": 6,
          "column": 25
        },
        "end": {
          "line": 8,
          "column": 1
        }
      }
    },
    "fnMap": {},
    "branchMap": {},
    "s": {
      "0": 33
    },
    "f": {},
    "b": {},
    "inputSourceMap": {
      "version": 3,
      "names": [
        "provideBrowserGlobalErrorListeners",
        "provideRouter",
        "withComponentInputBinding",
        "provideHttpClient",
        "withInterceptors",
        "routes",
        "tokenInterceptor",
        "appConfig",
        "providers"
      ],
      "sources": [
        "F:\\GitRepos\\OpenClassrooms_P5_MDD\\frontend\\src\\app\\app.config.ts"
      ],
      "sourcesContent": [
        "import { ApplicationConfig, provideBrowserGlobalErrorListeners } from '@angular/core';\r\nimport { provideRouter, withComponentInputBinding } from '@angular/router';\r\n\r\nimport { provideHttpClient, withInterceptors } from '@angular/common/http';\r\nimport { routes } from './app.routes';\r\nimport { tokenInterceptor } from './core/interceptors/token.interceptor';\r\n\r\nexport const appConfig: ApplicationConfig = {\r\n  providers: [\r\n    provideBrowserGlobalErrorListeners(),\r\n    provideRouter(routes, withComponentInputBinding()),\r\n    provideHttpClient(\r\n      withInterceptors([tokenInterceptor])\r\n    )\r\n  ]\r\n};\r\n"
      ],
      "mappings": "AAAA,SAA4BA,kCAAkC,QAAQ,eAAe;AACrF,SAASC,aAAa,EAAEC,yBAAyB,QAAQ,iBAAiB;AAE1E,SAASC,iBAAiB,EAAEC,gBAAgB,QAAQ,sBAAsB;AAC1E,SAASC,MAAM,QAAQ,cAAc;AACrC,SAASC,gBAAgB,QAAQ,uCAAuC;AAExE,OAAO,MAAMC,SAAS,GAAsB;EAC1CC,SAAS,EAAE,CACTR,kCAAkC,EAAE,EACpCC,aAAa,CAACI,MAAM,EAAEH,yBAAyB,EAAE,CAAC,EAClDC,iBAAiB,CACfC,gBAAgB,CAAC,CAACE,gBAAgB,CAAC,CAAC,CACrC;CAEJ",
      "ignoreList": []
    },
    "_coverageSchema": "1a1c01bbd47fc00a2c39e90264f33305004495a9",
    "hash": "b7f59e5555b6d63a1bf0d143980a43d0d8bb5149"
  },
  "F:\\GitRepos\\OpenClassrooms_P5_MDD\\frontend\\src\\app\\app.ts": {
    "path": "F:\\GitRepos\\OpenClassrooms_P5_MDD\\frontend\\src\\app\\app.ts",
    "statementMap": {
      "0": {
        "start": {
          "line": 4,
          "column": 30
        },
        "end": {
          "line": 27,
          "column": 4
        }
      },
      "1": {
        "start": {
          "line": 6,
          "column": 12
        },
        "end": {
          "line": 8,
          "column": 39
        }
      },
      "2": {
        "start": {
          "line": 9,
          "column": 18
        },
        "end": {
          "line": 11,
          "column": 5
        }
      },
      "3": {
        "start": {
          "line": 10,
          "column": 6
        },
        "end": {
          "line": 10,
          "column": 46
        }
      },
      "4": {
        "start": {
          "line": 12,
          "column": 31
        },
        "end": {
          "line": 24,
          "column": 6
        }
      },
      "5": {
        "start": {
          "line": 18,
          "column": 8
        },
        "end": {
          "line": 20,
          "column": 9
        }
      },
      "6": {
        "start": {
          "line": 19,
          "column": 10
        },
        "end": {
          "line": 19,
          "column": 43
        }
      },
      "7": {
        "start": {
          "line": 26,
          "column": 2
        },
        "end": {
          "line": 26,
          "column": 13
        }
      }
    },
    "fnMap": {
      "0": {
        "name": "(anonymous_0)",
        "decl": {
          "start": {
            "line": 4,
            "column": 31
          },
          "end": {
            "line": 4,
            "column": 32
          }
        },
        "loc": {
          "start": {
            "line": 4,
            "column": 37
          },
          "end": {
            "line": 27,
            "column": 1
          }
        },
        "line": 4
      },
      "1": {
        "name": "App_Factory",
        "decl": {
          "start": {
            "line": 9,
            "column": 27
          },
          "end": {
            "line": 9,
            "column": 38
          }
        },
        "loc": {
          "start": {
            "line": 9,
            "column": 58
          },
          "end": {
            "line": 11,
            "column": 5
          }
        },
        "line": 9
      },
      "2": {
        "name": "App_Template",
        "decl": {
          "start": {
            "line": 17,
            "column": 25
          },
          "end": {
            "line": 17,
            "column": 37
          }
        },
        "loc": {
          "start": {
            "line": 17,
            "column": 47
          },
          "end": {
            "line": 21,
            "column": 7
          }
        },
        "line": 17
      }
    },
    "branchMap": {
      "0": {
        "loc": {
          "start": {
            "line": 6,
            "column": 35
          },
          "end": {
            "line": 8,
            "column": 37
          }
        },
        "type": "cond-expr",
        "locations": [
          {
            "start": {
              "line": 6,
              "column": 47
            },
            "end": {
              "line": 8,
              "column": 6
            }
          }
        ],
        "line": 6
      },
      "1": {
        "loc": {
          "start": {
            "line": 10,
            "column": 18
          },
          "end": {
            "line": 10,
            "column": 42
          }
        },
        "type": "binary-expr",
        "locations": [
          {
            "start": {
              "line": 10,
              "column": 18
            },
            "end": {
              "line": 10,
              "column": 35
            }
          },
          {
            "start": {
              "line": 10,
              "column": 39
            },
            "end": {
              "line": 10,
              "column": 42
            }
          }
        ],
        "line": 10
      },
      "2": {
        "loc": {
          "start": {
            "line": 18,
            "column": 8
          },
          "end": {
            "line": 20,
            "column": 9
          }
        },
        "type": "if",
        "locations": [
          {
            "start": {
              "line": 18,
              "column": 8
            },
            "end": {
              "line": 20,
              "column": 9
            }
          },
          {
            "start": {},
            "end": {}
          }
        ],
        "line": 18
      }
    },
    "s": {
      "0": 33,
      "1": 33,
      "2": 33,
      "3": 33,
      "4": 33,
      "5": 2027,
      "6": 33,
      "7": 33
    },
    "f": {
      "0": 33,
      "1": 33,
      "2": 2027
    },
    "b": {
      "0": [
        33
      ],
      "1": [
        33,
        33
      ],
      "2": [
        33,
        1994
      ]
    },
    "inputSourceMap": {
      "version": 3,
      "names": [
        "signal",
        "RouterOutlet",
        "App",
        "title",
        "ngDevMode",
        "debugName",
        "selectors",
        "decls",
        "vars",
        "template",
        "App_Template",
        "rf",
        "ctx",
        "i0",
        "ɵɵelement",
        "styles"
      ],
      "sources": [
        "F:\\GitRepos\\OpenClassrooms_P5_MDD\\frontend\\src\\app\\app.ts",
        "F:\\GitRepos\\OpenClassrooms_P5_MDD\\frontend\\src\\app\\app.html"
      ],
      "sourcesContent": [
        "import { Component, signal } from '@angular/core';\r\nimport { RouterOutlet } from '@angular/router';\r\n\r\n@Component({\r\n  selector: 'app-root',\r\n  imports: [RouterOutlet],\r\n  templateUrl: './app.html',\r\n  styleUrl: './app.scss'\r\n})\r\nexport class App {\r\n  protected readonly title = signal('frontend');\r\n}\r\n",
        "<router-outlet></router-outlet>"
      ],
      "mappings": "AAAA,SAAoBA,MAAM,QAAQ,eAAe;AACjD,SAASC,YAAY,QAAQ,iBAAiB;;AAQ9C,WAAaC,GAAG;EAAV,MAAOA,GAAG;IACKC,KAAK,GAAGH,MAAM,CAAC,UAAU,MAAAI,SAAA;MAAAC,SAAA;IAAA,mCAAC;;uCADlCH,GAAG;IAAA;;YAAHA,GAAG;MAAAI,SAAA;MAAAC,KAAA;MAAAC,IAAA;MAAAC,QAAA,WAAAC,aAAAC,EAAA,EAAAC,GAAA;QAAA,IAAAD,EAAA;UCThBE,EAAA,CAAAC,SAAA,oBAA+B;;;qBDKnBb,YAAY;MAAAc,MAAA;IAAA;;SAIXb,GAAG;AAAA",
      "ignoreList": []
    },
    "_coverageSchema": "1a1c01bbd47fc00a2c39e90264f33305004495a9",
    "hash": "e90e2ddf7e5982d2b4854c64cc7dfdf52e259ca7"
  }
}